<?xml version="1.0" encoding="UTF-8" ?>
<testsuites disabled="0" errors="0" failures="0" tests="4" time="61.088">
 <testsuite name="login test " timestamp="2022-08-01T16:54:13" hostname="localhost" time="61.088" errors="0" tests="4" skipped="0" disabled="0" failures="0">
  <testcase classname="login test " name="launch applicaion" time="20.805" />
  <testcase classname="login test " name="Delete User cancel" time="13.898" />
  <testcase classname="login test " name="search User" time="13.086" />
  <testcase classname="login test " name="search user textbox clear" time="13.298" />
 </testsuite>
</testsuites>